<?xml version="1.0" encoding="UTF-8"?>
<testsuite name="Tests" tests="1" skipped="0" failures="0" errors="0" timestamp="2022-11-07T18:43:54" hostname="MacBook-Air-Maksim.local" time="0.068">
  <properties/>
  <testcase name="incorrectValues()" classname="Tests" time="0.068"/>
  <system-out><![CDATA[]]></system-out>
  <system-err><![CDATA[line 1:2 no viable alternative at input '+'
]]></system-err>
</testsuite>
